<?xml version="1.0" encoding="UTF-8"?>
<!-- Generated by org.testng.reporters.JUnitReportReporter -->
<testsuite hostname="user-PC" name="GitAuto.git.auto.NewTest" tests="1" failures="0" timestamp="7 Jul 2014 10:11:50 GMT" time="19.060" errors="0">
  <testcase name="f" time="19.060" classname="GitAuto.git.auto.NewTest"/>
</testsuite> <!-- GitAuto.git.auto.NewTest -->
